2023-02-08 03:04:50.938+0000 INFO  Starting...
2023-02-08 03:04:51.632+0000 INFO  This instance is ServerId{a5c01c98} (a5c01c98-18db-4581-867c-1d0cab4e9dd3)
2023-02-08 03:04:52.553+0000 INFO  ======== Neo4j 5.4.0 ========
2023-02-08 03:04:57.355+0000 INFO  Bolt enabled on localhost:7687.
2023-02-08 03:04:58.216+0000 INFO  Remote interface available at http://localhost:7474/
2023-02-08 03:04:58.221+0000 INFO  id: 60B7816D7C56DC468BDECBB3006824B3CCFEFB76F1CB32E53972251EC60C6496
2023-02-08 03:04:58.221+0000 INFO  name: system
2023-02-08 03:04:58.221+0000 INFO  creationDate: 2023-02-08T03:04:53.589Z
2023-02-08 03:04:58.221+0000 INFO  Started.
2023-02-08 03:05:52.611+0000 WARN  The client is unauthorized due to authentication failure.
2023-02-08 03:05:52.636+0000 WARN  The client is unauthorized due to authentication failure.
2023-02-08 03:07:48.974+0000 INFO  Neo4j Server shutdown initiated by request
2023-02-08 03:07:48.975+0000 INFO  Stopping...
2023-02-08 03:07:54.058+0000 INFO  Stopped.
2023-02-08 03:14:43.856+0000 INFO  Starting...
2023-02-08 03:14:44.411+0000 INFO  This instance is ServerId{450d00a9} (450d00a9-1581-4bf8-839e-980e5d1504ae)
2023-02-08 03:14:45.344+0000 INFO  ======== Neo4j 5.4.0 ========
2023-02-08 03:14:50.386+0000 INFO  Bolt enabled on localhost:7687.
2023-02-08 03:14:51.161+0000 INFO  Remote interface available at http://localhost:7474/
2023-02-08 03:14:51.164+0000 INFO  id: 5AA42E775D364283089E6ADE86CC680E0601C4D3A11F0646FC7B55ED3F5D1E92
2023-02-08 03:14:51.164+0000 INFO  name: system
2023-02-08 03:14:51.164+0000 INFO  creationDate: 2023-02-08T03:14:46.54Z
2023-02-08 03:14:51.164+0000 INFO  Started.
2023-02-08 03:14:54.636+0000 WARN  The client is unauthorized due to authentication failure.
2023-02-08 03:14:54.661+0000 WARN  The client is unauthorized due to authentication failure.
2023-02-08 03:14:54.675+0000 WARN  The client is unauthorized due to authentication failure.
2023-02-08 03:14:54.702+0000 WARN  The client has provided incorrect authentication details too many times in a row.
2023-02-08 03:14:59.029+0000 WARN  The client has provided incorrect authentication details too many times in a row.
2023-02-08 03:14:59.056+0000 WARN  The client has provided incorrect authentication details too many times in a row.
2023-02-08 03:15:05.315+0000 WARN  The client is unauthorized due to authentication failure.
2023-02-08 03:15:05.341+0000 WARN  The client has provided incorrect authentication details too many times in a row.
2023-02-08 03:15:11.658+0000 WARN  The client is unauthorized due to authentication failure.
2023-02-08 03:15:11.681+0000 WARN  The client has provided incorrect authentication details too many times in a row.
2023-02-09 03:28:39.731+0000 ERROR Client triggered an unexpected error [Neo.DatabaseError.General.UnknownError]: Lexical error at line 1, column 50.  Encountered: <EOF> after : "", reference 6812faa1-f946-4221-965b-142a1a9d0138.
2023-02-09 03:28:40.008+0000 ERROR Client triggered an unexpected error [Neo.DatabaseError.General.UnknownError]: Lexical error at line 1, column 39.  Encountered: <EOF> after : "", reference 9fcd6d42-ba28-46b2-a7af-04aeac4012d0.
2023-02-09 10:50:16.626+0000 INFO  Neo4j Server shutdown initiated by request
2023-02-09 10:50:16.630+0000 INFO  Stopping...
2023-02-09 10:50:22.013+0000 INFO  Stopped.
2023-02-09 13:35:35.621+0000 INFO  Starting...
2023-02-09 13:35:36.569+0000 INFO  This instance is ServerId{822247d8} (822247d8-8f54-4950-8688-a3a0ffe57e78)
2023-02-09 13:35:37.936+0000 INFO  ======== Neo4j 5.4.0 ========
2023-02-09 13:35:44.856+0000 INFO  Bolt enabled on localhost:7687.
2023-02-09 13:35:46.230+0000 INFO  Remote interface available at http://localhost:7474/
2023-02-09 13:35:46.234+0000 INFO  id: B15C96CDE69632BE0BC828FD8786A8BB26261601287B07ECE4499856F361BC91
2023-02-09 13:35:46.234+0000 INFO  name: system
2023-02-09 13:35:46.234+0000 INFO  creationDate: 2023-02-09T13:35:39.321Z
2023-02-09 13:35:46.235+0000 INFO  Started.
2023-02-09 13:36:03.523+0000 WARN  The client is unauthorized due to authentication failure.
2023-02-09 13:36:03.561+0000 WARN  The client is unauthorized due to authentication failure.
2023-02-09 13:36:03.590+0000 WARN  The client is unauthorized due to authentication failure.
2023-02-09 13:36:03.623+0000 WARN  The client has provided incorrect authentication details too many times in a row.
2023-02-09 13:36:07.777+0000 WARN  The client has provided incorrect authentication details too many times in a row.
2023-02-09 13:36:07.805+0000 WARN  The client has provided incorrect authentication details too many times in a row.
2023-02-10 23:30:23.193+0000 INFO  Neo4j Server shutdown initiated by request
2023-02-10 23:30:23.196+0000 INFO  Stopping...
2023-02-12 13:48:41.974+0000 INFO  Starting...
2023-02-12 13:48:44.863+0000 INFO  This instance is ServerId{1f08ce0e} (1f08ce0e-80ca-4b01-81bf-b41eeb553df5)
2023-02-12 13:48:45.826+0000 INFO  ======== Neo4j 5.4.0 ========
2023-02-12 13:48:54.168+0000 INFO  Bolt enabled on localhost:7687.
2023-02-12 13:48:55.135+0000 INFO  Remote interface available at http://localhost:7474/
2023-02-12 13:48:55.138+0000 INFO  id: BA98DC77B0E7FBB07FD3414B50B4CC4AD0DFE4BCBBC5070ED209626B13154BD4
2023-02-12 13:48:55.138+0000 INFO  name: system
2023-02-12 13:48:55.138+0000 INFO  creationDate: 2023-02-12T13:48:50.347Z
2023-02-12 13:48:55.138+0000 INFO  Started.
2023-02-12 13:49:01.262+0000 WARN  The client is unauthorized due to authentication failure.
2023-02-12 13:49:01.290+0000 WARN  The client is unauthorized due to authentication failure.
2023-02-12 13:49:08.715+0000 WARN  The client is unauthorized due to authentication failure.
2023-02-12 13:53:35.300+0000 WARN  Failed authentication attempt for 'ongdb' from 127.0.0.1
2023-02-12 13:55:42.038+0000 WARN  Failed authentication attempt for 'ongdb' from 127.0.0.1
2023-02-12 14:01:51.049+0000 WARN  Failed authentication attempt for '123' from 127.0.0.1
2023-02-12 14:06:56.802+0000 WARN  Failed authentication attempt for 'neo4j' from 127.0.0.1
2023-02-12 14:07:25.267+0000 INFO  Neo4j Server shutdown initiated by request
2023-02-12 14:07:25.268+0000 INFO  Stopping...
2023-02-12 14:07:31.606+0000 INFO  Stopped.
2023-02-12 14:08:01.711+0000 INFO  Starting...
2023-02-12 14:08:05.202+0000 INFO  This instance is ServerId{3de9b16c} (3de9b16c-3710-4d45-b272-93eabc1ca812)
2023-02-12 14:08:06.173+0000 INFO  ======== Neo4j 5.4.0 ========
2023-02-12 14:08:15.953+0000 INFO  Bolt enabled on localhost:7687.
2023-02-12 14:08:16.830+0000 INFO  Remote interface available at http://localhost:7474/
2023-02-12 14:08:16.833+0000 INFO  id: 145FDC388C4AD110A7D995ADE4FAA44DC48C51DB7E33720A4AA6F6C8CD7E3494
2023-02-12 14:08:16.833+0000 INFO  name: system
2023-02-12 14:08:16.834+0000 INFO  creationDate: 2023-02-12T14:08:12.417Z
2023-02-12 14:08:16.834+0000 INFO  Started.
2023-02-12 14:08:18.580+0000 WARN  The client is unauthorized due to authentication failure.
2023-02-12 14:08:18.608+0000 WARN  The client is unauthorized due to authentication failure.
2023-02-12 14:09:01.099+0000 WARN  Failed authentication attempt for 'neo4j' from 127.0.0.1
2023-02-12 14:15:54.697+0000 INFO  Neo4j Server shutdown initiated by request
2023-02-12 14:15:54.699+0000 INFO  Stopping...
2023-02-12 14:16:00.562+0000 INFO  Stopped.
2023-02-17 09:49:23.190+0000 INFO  Starting...
2023-02-17 09:49:23.926+0000 INFO  This instance is ServerId{3de9b16c} (3de9b16c-3710-4d45-b272-93eabc1ca812)
2023-02-17 09:49:24.805+0000 INFO  ======== Neo4j 5.4.0 ========
2023-02-17 09:49:27.974+0000 INFO  Bolt enabled on localhost:7687.
2023-02-17 09:49:28.915+0000 INFO  Remote interface available at http://localhost:7474/
2023-02-17 09:49:28.917+0000 INFO  id: 145FDC388C4AD110A7D995ADE4FAA44DC48C51DB7E33720A4AA6F6C8CD7E3494
2023-02-17 09:49:28.917+0000 INFO  name: system
2023-02-17 09:49:28.918+0000 INFO  creationDate: 2023-02-12T14:08:12.417Z
2023-02-17 09:49:28.918+0000 INFO  Started.
2023-02-17 10:27:00.964+0000 INFO  Neo4j Server shutdown initiated by request
2023-02-17 10:27:00.967+0000 INFO  Stopping...
2023-02-17 10:27:06.136+0000 INFO  Stopped.
2023-02-27 01:47:48.791+0000 INFO  Starting...
2023-02-27 01:47:49.378+0000 INFO  This instance is ServerId{3de9b16c} (3de9b16c-3710-4d45-b272-93eabc1ca812)
2023-02-27 01:47:50.228+0000 INFO  ======== Neo4j 5.4.0 ========
2023-02-27 01:47:53.161+0000 INFO  Bolt enabled on localhost:7687.
2023-02-27 01:47:53.920+0000 INFO  Remote interface available at http://localhost:7474/
2023-02-27 01:47:53.923+0000 INFO  id: 145FDC388C4AD110A7D995ADE4FAA44DC48C51DB7E33720A4AA6F6C8CD7E3494
2023-02-27 01:47:53.923+0000 INFO  name: system
2023-02-27 01:47:53.924+0000 INFO  creationDate: 2023-02-12T14:08:12.417Z
2023-02-27 01:47:53.924+0000 INFO  Started.
2023-02-27 07:46:10.988+0000 INFO  Neo4j Server shutdown initiated by request
2023-02-27 07:46:11.000+0000 INFO  Stopping...
2023-02-27 07:46:17.247+0000 INFO  Stopped.
